<?xml version="1.0" encoding="UTF-8"?>
<!-- Generated by org.testng.reporters.JUnitReportReporter -->
<testsuite skipped="0" hostname="DESKTOP-86TT1QM" name="com.anass.orangehrm.tests.LoginTest" tests="2" failures="0" timestamp="21 Nov 2018 16:02:37 GMT" time="21.704" errors="0">
  <testcase name="ValidLogin" time="12.515" classname="com.anass.orangehrm.tests.LoginTest"/>
  <testcase name="InValidLogin" time="9.189" classname="com.anass.orangehrm.tests.LoginTest"/>
</testsuite> <!-- com.anass.orangehrm.tests.LoginTest -->
