<?xml version="1.0" encoding="UTF-8"?>
<!-- Generated by org.testng.reporters.JUnitReportReporter -->
<testsuite skipped="0" hostname="TestMachine" name="com.anass.orangehrm.tests.InValidLoginTest" tests="1" failures="0" timestamp="30 Dec 2018 02:24:01 GMT" time="7.425" errors="0">
  <testcase name="InValidLogin" time="7.425" classname="com.anass.orangehrm.tests.InValidLoginTest"/>
</testsuite> <!-- com.anass.orangehrm.tests.InValidLoginTest -->
